10:07:21.137 [main] INFO  main.test.StringUtilsTest -
				Test de la methode levenshteinDistance() de la classe StringUtils
10:07:21.144 [main] INFO  main.test.StringUtilsTest -
				Test de la methode levenshteinDistance() de la classe StringUtils
10:07:21.145 [main] INFO  main.test.StringUtilsTest -
				Test de la methode levenshteinDistance() de la classe StringUtils
10:07:21.145 [main] INFO  main.test.StringUtilsTest -
				Test de la methode levenshteinDistance() de la classe StringUtils
10:07:43.975 [main] INFO  main.test.StringUtilsTest -
				Test de la methode levenshteinDistance() de la classe StringUtils
10:07:43.981 [main] INFO  main.test.StringUtilsTest -
				Test de la methode levenshteinDistance() de la classe StringUtils
10:07:43.982 [main] INFO  main.test.StringUtilsTest -
				Test de la methode levenshteinDistance() de la classe StringUtils
10:07:43.982 [main] INFO  main.test.StringUtilsTest -
				Test de la methode levenshteinDistance() de la classe StringUtils
10:20:17.352 [main] INFO  m.java.dev.service.CalculServiceTest -
				Etant donné, une instance de la classe CalculService
10:20:17.371 [main] INFO  m.java.dev.service.CalculServiceTest -
				Lorsque j'évalue l'addition de l'expression 1+3+4
10:20:17.371 [main] DEBUG main.java.dev.service.CalculService -
				Evaluation de l'expression 1+3+4
10:20:17.371 [main] INFO  m.java.dev.service.CalculServiceTest -
				Alors j'obtiens le résultat 8
10:30:44.480 [main] INFO  m.java.dev.service.CalculServiceTest -
				Etant donné, une instance de la classe CalculService
10:30:44.497 [main] INFO  m.java.dev.service.CalculServiceTest -
				Lorsque j'évalue l'addition de l'expression 1+3+4
10:30:44.497 [main] DEBUG main.java.dev.service.CalculService -
				Evaluation de l'expression 1+3+4
10:30:44.497 [main] INFO  m.java.dev.service.CalculServiceTest -
				Alors j'obtiens le résultat 8
10:30:55.887 [main] INFO  m.java.dev.service.CalculServiceTest -
				Etant donné, une instance de la classe CalculService
10:30:55.903 [main] INFO  m.java.dev.service.CalculServiceTest -
				Lorsque j'évalue l'addition de l'expression 1+3+4
10:30:55.903 [main] DEBUG main.java.dev.service.CalculService -
				Evaluation de l'expression 1
10:41:42.661 [main] INFO  m.java.dev.service.CalculServiceTest -
				Etant donné, une instance de la classe CalculService
10:41:42.671 [main] INFO  m.java.dev.service.CalculServiceTest -
				Lorsque j'évalue l'addition de l'expression 1+3+4
10:41:42.671 [main] DEBUG main.java.dev.service.CalculService -
				Evaluation de l'expression 1+3+4
10:41:42.671 [main] DEBUG main.java.dev.service.CalculService -
				Separation de l'expression
10:44:44.013 [main] INFO  m.java.dev.service.CalculServiceTest -
				Etant donné, une instance de la classe CalculService
10:44:44.028 [main] INFO  m.java.dev.service.CalculServiceTest -
				Lorsque j'évalue l'addition de l'expression 1+3+4
10:44:44.028 [main] DEBUG main.java.dev.service.CalculService -
				Evaluation de l'expression 1+3+4
10:44:44.028 [main] DEBUG main.java.dev.service.CalculService -
				Separation de l'expression
10:44:44.028 [main] DEBUG main.java.dev.service.CalculService -
				Calcul de l'expression 
10:44:44.029 [main] INFO  m.java.dev.service.CalculServiceTest -
				Alors j'obtiens le résultat 8
10:47:06.322 [main] INFO  m.java.dev.service.CalculServiceTest -
				Etant donné, une instance de la classe CalculService
10:47:06.337 [main] INFO  m.java.dev.service.CalculServiceTest -
				Lorsque j'évalue l'addition de l'expression 1+3+4
10:47:06.337 [main] DEBUG main.java.dev.service.CalculService -
				Evaluation de l'expression 1+3+4
10:47:06.338 [main] DEBUG main.java.dev.service.CalculService -
				Separation de l'expression
10:47:06.338 [main] DEBUG main.java.dev.service.CalculService -
				Calcul de l'expression 
10:47:06.338 [main] INFO  m.java.dev.service.CalculServiceTest -
				Alors j'obtiens le résultat 8
10:47:22.912 [main] INFO  m.java.dev.service.CalculServiceTest -
				Etant donné, une instance de la classe CalculService
10:47:22.930 [main] INFO  m.java.dev.service.CalculServiceTest -
				Lorsque j'évalue l'addition de l'expression 1+3+4
10:47:22.930 [main] DEBUG main.java.dev.service.CalculService -
				Evaluation de l'expression 1+3+4
10:47:22.930 [main] DEBUG main.java.dev.service.CalculService -
				Separation de l'expression
10:47:22.931 [main] DEBUG main.java.dev.service.CalculService -
				Calcul de l'expression 
10:47:22.931 [main] INFO  m.java.dev.service.CalculServiceTest -
				Alors j'obtiens le résultat 8
11:03:01.414 [main] INFO  m.java.dev.service.CalculServiceTest -
				Etant donné, une instance de la classe CalculService
11:03:01.423 [main] INFO  m.java.dev.service.CalculServiceTest -
				Lorsque j'évalue l'addition de l'expression 1+3+4
11:03:01.424 [main] DEBUG main.java.dev.service.CalculService -
				Evaluation de l'expression 1+3+4
11:03:01.424 [main] DEBUG main.java.dev.service.CalculService -
				Separation de l'expression
11:03:01.424 [main] DEBUG main.java.dev.service.CalculService -
				Calcul de l'expression 
11:03:01.424 [main] INFO  m.java.dev.service.CalculServiceTest -
				Alors j'obtiens le résultat 8
11:03:16.396 [main] INFO  main.java.dev.console.App -
				**** Application Calculatrice ****
